{"level":"info","message":"POST /api/auth/login","timestamp":"2026-05-16T08:29:53.082Z"}
{"level":"error","message":"","timestamp":"2026-05-16T08:30:03.202Z"}
{"level":"info","message":"POST /api/auth/login","timestamp":"2026-05-16T08:35:16.507Z"}
{"level":"error","message":"","timestamp":"2026-05-16T08:35:26.575Z"}
{"level":"info","message":"POST /api/auth/login","timestamp":"2026-05-16T08:55:20.198Z"}
{"level":"info","message":"GET /api/interview/resume/pdf/:intervie","timestamp":"2026-05-16T11:10:51.215Z"}
{"level":"info","message":"GET /","timestamp":"2026-05-16T11:11:03.229Z"}
{"level":"info","message":"GET /api/auth/get-me","timestamp":"2026-05-16T11:14:14.374Z"}
{"level":"info","message":"GET /api/auth/get-me","timestamp":"2026-05-16T11:14:14.440Z"}
{"level":"info","message":"GET /api/auth/get-me","timestamp":"2026-05-16T11:14:18.223Z"}
{"level":"info","message":"GET /api/auth/get-me","timestamp":"2026-05-16T11:14:18.284Z"}
{"level":"info","message":"OPTIONS /api/auth/login","timestamp":"2026-05-16T11:15:24.982Z"}
{"level":"info","message":"POST /api/auth/login","timestamp":"2026-05-16T11:15:24.986Z"}
{"level":"info","message":"GET /api/auth/get-me","timestamp":"2026-05-16T11:15:26.257Z"}
{"level":"info","message":"GET /api/interview/","timestamp":"2026-05-16T11:15:26.300Z"}
{"level":"info","message":"GET /api/auth/get-me","timestamp":"2026-05-16T11:15:26.492Z"}
{"level":"info","message":"GET /api/interview/","timestamp":"2026-05-16T11:15:26.544Z"}
{"level":"info","message":"GET /api/interview/report/6a0710a87dd14dbc05681c9f","timestamp":"2026-05-16T11:15:35.316Z"}
{"level":"info","message":"GET /api/interview/report/6a0710a87dd14dbc05681c9f","timestamp":"2026-05-16T11:15:35.881Z"}
{"level":"info","message":"GET /api/interview/report/6a0710a87dd14dbc05681c9f","timestamp":"2026-05-16T11:15:36.077Z"}
{"level":"info","message":"GET /api/interview/report/6a0710a87dd14dbc05681c9f","timestamp":"2026-05-16T11:15:36.423Z"}
{"level":"info","message":"POST /api/interview/resume/pdf/6a0710a87dd14dbc05681c9f","timestamp":"2026-05-16T11:15:39.324Z"}
{"level":"info","message":"GET /api/interview/","timestamp":"2026-05-16T11:15:44.819Z"}
{"level":"info","message":"GET /api/interview/","timestamp":"2026-05-16T11:15:44.999Z"}
{"level":"info","message":"POST /api/interview/","timestamp":"2026-05-16T11:16:20.060Z"}
{"level":"info","message":"POST /api/interview/","timestamp":"2026-05-16T11:18:45.858Z"}
{"level":"info","message":"GET /api/interview/report/6a0852a1d657fe972eddf7c9","timestamp":"2026-05-16T11:18:58.151Z"}
{"level":"info","message":"GET /api/interview/report/6a0852a1d657fe972eddf7c9","timestamp":"2026-05-16T11:18:58.435Z"}
{"level":"info","message":"GET /api/interview/report/6a0852a1d657fe972eddf7c9","timestamp":"2026-05-16T11:18:58.893Z"}
{"level":"info","message":"GET /api/interview/report/6a0852a1d657fe972eddf7c9","timestamp":"2026-05-16T11:18:59.222Z"}
{"level":"info","message":"POST /api/interview/resume/pdf/6a0852a1d657fe972eddf7c9","timestamp":"2026-05-16T11:19:13.011Z"}
{"level":"info","message":"GET /api/auth/get-me","timestamp":"2026-05-16T11:38:06.600Z"}
{"level":"info","message":"GET /api/auth/get-me","timestamp":"2026-05-16T11:38:06.944Z"}
{"level":"info","message":"GET /api/interview/report/6a0852a1d657fe972eddf7c9","timestamp":"2026-05-16T11:38:06.970Z"}
{"level":"info","message":"GET /api/interview/report/6a0852a1d657fe972eddf7c9","timestamp":"2026-05-16T11:38:07.133Z"}
{"level":"info","message":"GET /api/interview/report/6a0852a1d657fe972eddf7c9","timestamp":"2026-05-16T11:38:07.370Z"}
{"level":"info","message":"GET /api/interview/report/6a0852a1d657fe972eddf7c9","timestamp":"2026-05-16T11:38:07.706Z"}
{"level":"info","message":"GET /api/auth","timestamp":"2026-05-16T12:30:27.458Z"}
{"level":"info","message":"POST /api/auth/login","timestamp":"2026-05-16T18:28:41.287Z"}
{"level":"warn","message":"[INVALID_CREDENTIALS] Invalid email or password","timestamp":"2026-05-16T18:28:41.540Z"}
